<?xml version="1.0" encoding="UTF-8"?>
<!-- Generated by org.testng.reporters.JUnitReportReporter -->
<testsuite hostname="DESKTOP-VN06GLD" failures="0" tests="3" name="Kiran.Imriel.test.Kiran.Imriel.test.test" time="5.682" errors="0" timestamp="2023-09-30T18:57:24 IST" skipped="0">
  <testcase classname="Kiran.Imriel.test.Kiran.Imriel.test.test" name="Validate_Url" time="1.061"/>
  <system-out/>
  <testcase classname="Kiran.Imriel.test.Kiran.Imriel.test.test" name="Validate_User_Checkout" time="2.252"/>
  <system-out/>
  <testcase classname="Kiran.Imriel.test.Kiran.Imriel.test.test" name="Validate_All_Products_count" time="2.369"/>
  <system-out/>
</testsuite> <!-- Kiran.Imriel.test.Kiran.Imriel.test.test -->
