<?xml version="1.0" encoding="UTF-8"?>
<!-- Generated by org.testng.reporters.JUnitReportReporter -->
<testsuite hostname="DESKTOP-VN06GLD" failures="0" tests="1" name="Kiran.Imriel.test.Kiran.Imriel.test.test" time="3.520" errors="0" timestamp="2023-09-26T14:49:22 IST" skipped="0">
  <testcase classname="Kiran.Imriel.test.Kiran.Imriel.test.test" name="Validate_User_Checkout" time="3.520"/>
  <system-out/>
</testsuite> <!-- Kiran.Imriel.test.Kiran.Imriel.test.test -->
